TN:
SF:src/8queens.js
FN:51,(anonymous_0)
FN:65,(anonymous_1)
FN:73,(anonymous_2)
FN:81,(anonymous_3)
FN:89,(anonymous_4)
FN:97,(anonymous_5)
FN:105,(anonymous_6)
FN:115,(anonymous_7)
FN:137,(anonymous_8)
FN:153,(anonymous_9)
FNF:10
FNH:10
FNDA:5,(anonymous_0)
FNDA:2,(anonymous_1)
FNDA:279,(anonymous_2)
FNDA:2,(anonymous_3)
FNDA:1,(anonymous_4)
FNDA:1,(anonymous_5)
FNDA:1,(anonymous_6)
FNDA:6171,(anonymous_7)
FNDA:47161,(anonymous_8)
FNDA:277,(anonymous_9)
DA:36,1
DA:37,1
DA:52,5
DA:53,5
DA:54,5
DA:55,5
DA:56,5
DA:57,42
DA:66,2
DA:74,279
DA:82,2
DA:90,1
DA:98,1
DA:106,1
DA:116,6171
DA:117,5895
DA:118,47160
DA:119,6168
DA:120,6168
DA:124,276
DA:125,276
DA:126,192
DA:138,47161
DA:139,140257
DA:142,40993
DA:145,6168
DA:154,277
DA:155,277
DA:156,277
DA:157,92
DA:158,736
DA:159,2576
DA:160,20608
DA:161,15456
DA:162,15456
DA:163,15456
DA:164,474
DA:171,277
DA:172,193
DA:173,1544
DA:174,1544
DA:175,12352
DA:177,1536
DA:179,10816
DA:182,1544
DA:183,1544
DA:185,1544
DA:186,1544
DA:187,1544
DA:190,277
DA:193,1
LF:51
LH:51
BRDA:116,0,0,5895
BRDA:116,0,1,276
BRDA:118,1,0,6168
BRDA:118,1,1,40992
BRDA:125,2,0,192
BRDA:125,2,1,84
BRDA:139,3,0,40993
BRDA:139,3,1,99264
BRDA:139,4,0,140257
BRDA:139,4,1,118668
BRDA:156,5,0,92
BRDA:156,5,1,185
BRDA:160,6,0,15456
BRDA:160,6,1,5152
BRDA:160,7,0,20608
BRDA:160,7,1,18032
BRDA:163,8,0,474
BRDA:163,8,1,14982
BRDA:171,9,0,193
BRDA:171,9,1,84
BRDA:175,10,0,1536
BRDA:175,10,1,10816
BRDA:175,11,0,12352
BRDA:175,11,1,12352
BRF:24
BRH:24
end_of_record
TN:
SF:src/chessboard.js
FN:48,(anonymous_0)
FN:57,(anonymous_1)
FN:65,(anonymous_2)
FN:73,(anonymous_3)
FN:81,(anonymous_4)
FNF:5
FNH:5
FNDA:1,(anonymous_0)
FNDA:2,(anonymous_1)
FNDA:1,(anonymous_2)
FNDA:2,(anonymous_3)
FNDA:1,(anonymous_4)
DA:35,1
DA:36,1
DA:37,1
DA:49,1
DA:50,1
DA:58,2
DA:66,1
DA:74,2
DA:82,1
DA:239,1
LF:10
LH:10
BRF:0
BRH:0
end_of_record
TN:
SF:src/line.js
FN:45,(anonymous_0)
FN:54,(anonymous_1)
FN:62,(anonymous_2)
FN:70,(anonymous_3)
FN:78,(anonymous_4)
FN:88,(anonymous_5)
FN:101,(anonymous_6)
FNF:7
FNH:7
FNDA:30915,(anonymous_0)
FNDA:3,(anonymous_1)
FNDA:3,(anonymous_2)
FNDA:1,(anonymous_3)
FNDA:1,(anonymous_4)
FNDA:15457,(anonymous_5)
FNDA:15458,(anonymous_6)
DA:46,30915
DA:47,30915
DA:55,3
DA:63,3
DA:71,1
DA:79,1
DA:89,15457
DA:91,15457
DA:92,15457
DA:102,15458
DA:105,1
LF:11
LH:11
BRDA:45,0,0,15457
BRDA:45,1,0,15457
BRF:2
BRH:2
end_of_record
TN:
SF:src/point.js
FN:46,(anonymous_0)
FN:55,(anonymous_1)
FN:63,(anonymous_2)
FN:71,(anonymous_3)
FN:79,(anonymous_4)
FN:103,(anonymous_5)
FNF:6
FNH:6
FNDA:50,(anonymous_0)
FNDA:74186,(anonymous_1)
FNDA:693795,(anonymous_2)
FNDA:6169,(anonymous_3)
FNDA:53056,(anonymous_4)
FNDA:1,(anonymous_5)
DA:47,50
DA:48,50
DA:56,74186
DA:64,693795
DA:72,6169
DA:80,53056
DA:104,1
DA:105,1
DA:106,1
DA:107,1
DA:110,1
LF:11
LH:11
BRF:0
BRH:0
end_of_record
TN:
SF:src/square.js
FN:45,(anonymous_0)
FN:56,(anonymous_1)
FN:64,(anonymous_2)
FN:72,(anonymous_3)
FN:81,(anonymous_4)
FN:89,(anonymous_5)
FN:97,(anonymous_6)
FN:105,(anonymous_7)
FN:114,(anonymous_8)
FNF:9
FNH:9
FNDA:2,(anonymous_0)
FNDA:2,(anonymous_1)
FNDA:2,(anonymous_2)
FNDA:2,(anonymous_3)
FNDA:2,(anonymous_4)
FNDA:1,(anonymous_5)
FNDA:1,(anonymous_6)
FNDA:1,(anonymous_7)
FNDA:1,(anonymous_8)
DA:46,2
DA:47,2
DA:48,2
DA:49,2
DA:57,2
DA:65,2
DA:73,2
DA:82,2
DA:90,1
DA:98,1
DA:106,1
DA:115,1
DA:151,1
LF:13
LH:13
BRF:0
BRH:0
end_of_record
TN:
SF:src/text.js
FN:49,(anonymous_0)
FN:60,(anonymous_1)
FN:68,(anonymous_2)
FN:76,(anonymous_3)
FN:84,(anonymous_4)
FN:92,(anonymous_5)
FN:100,(anonymous_6)
FN:108,(anonymous_7)
FN:116,(anonymous_8)
FNF:9
FNH:9
FNDA:1,(anonymous_0)
FNDA:2,(anonymous_1)
FNDA:2,(anonymous_2)
FNDA:2,(anonymous_3)
FNDA:2,(anonymous_4)
FNDA:1,(anonymous_5)
FNDA:1,(anonymous_6)
FNDA:1,(anonymous_7)
FNDA:1,(anonymous_8)
DA:50,1
DA:51,1
DA:52,1
DA:53,1
DA:61,2
DA:69,2
DA:77,2
DA:85,2
DA:93,1
DA:101,1
DA:109,1
DA:117,1
DA:152,1
LF:13
LH:13
BRF:0
BRH:0
end_of_record
