<?xml version="1.0" encoding="UTF-8"?>
<coverage generated="1585954699354" clover="3.2.0">
  <project timestamp="1585954699354" name="All files">
    <metrics statements="25" coveredstatements="25" conditionals="8" coveredconditionals="8" methods="8" coveredmethods="8" elements="41" coveredelements="41" complexity="0" loc="25" ncloc="25" packages="1" files="1" classes="1"/>
    <file name="index.js" path="/home/david/Escritorio/PL/p10/p10-t2-lexgen-code-alu0101048239/index.js">
      <metrics statements="25" coveredstatements="25" conditionals="8" coveredconditionals="8" methods="8" coveredmethods="8"/>
      <line num="24" count="1" type="stmt"/>
      <line num="28" count="2" type="stmt"/>
      <line num="29" count="10" type="cond" truecount="2" falsecount="0"/>
      <line num="30" count="9" type="stmt"/>
      <line num="32" count="1" type="stmt"/>
      <line num="35" count="6" type="stmt"/>
      <line num="38" count="1" type="stmt"/>
      <line num="39" count="6" type="stmt"/>
      <line num="40" count="1" type="stmt"/>
      <line num="42" count="1" type="stmt"/>
      <line num="46" count="1" type="stmt"/>
      <line num="47" count="119" type="stmt"/>
      <line num="50" count="1" type="stmt"/>
      <line num="52" count="6" type="stmt"/>
      <line num="53" count="6" type="stmt"/>
      <line num="54" count="6" type="stmt"/>
      <line num="55" count="47" type="stmt"/>
      <line num="56" count="47" type="stmt"/>
      <line num="57" count="47" type="cond" truecount="4" falsecount="0"/>
      <line num="58" count="27" type="stmt"/>
      <line num="62" count="27" type="stmt"/>
      <line num="65" count="6" type="cond" truecount="2" falsecount="0"/>
      <line num="66" count="1" type="stmt"/>
      <line num="70" count="1" type="stmt"/>
      <line num="72" count="6" type="stmt"/>
    </file>
  </project>
</coverage>
