{"/home/david/Escritorio/PL/p10/p10-t2-lexgen-code-alu0101048239/index.js": {"path":"/home/david/Escritorio/PL/p10/p10-t2-lexgen-code-alu0101048239/index.js","statementMap":{"0":{"start":{"line":24,"column":0},"end":{"line":74,"column":2}},"1":{"start":{"line":28,"column":21},"end":{"line":34,"column":4}},"2":{"start":{"line":29,"column":4},"end":{"line":33,"column":5}},"3":{"start":{"line":30,"column":6},"end":{"line":30,"column":18}},"4":{"start":{"line":32,"column":6},"end":{"line":32,"column":52}},"5":{"start":{"line":35,"column":21},"end":{"line":35,"column":42}},"6":{"start":{"line":35,"column":37},"end":{"line":35,"column":41}},"7":{"start":{"line":38,"column":24},"end":{"line":43,"column":3}},"8":{"start":{"line":39,"column":20},"end":{"line":39,"column":46}},"9":{"start":{"line":39,"column":37},"end":{"line":39,"column":45}},"10":{"start":{"line":40,"column":18},"end":{"line":40,"column":35}},"11":{"start":{"line":42,"column":4},"end":{"line":42,"column":35}},"12":{"start":{"line":46,"column":17},"end":{"line":46,"column":41}},"13":{"start":{"line":47,"column":19},"end":{"line":47,"column":77}},"14":{"start":{"line":47,"column":26},"end":{"line":47,"column":77}},"15":{"start":{"line":47,"column":48},"end":{"line":47,"column":76}},"16":{"start":{"line":50,"column":2},"end":{"line":73,"column":3}},"17":{"start":{"line":52,"column":17},"end":{"line":52,"column":19}},"18":{"start":{"line":53,"column":22},"end":{"line":53,"column":23}},"19":{"start":{"line":54,"column":4},"end":{"line":64,"column":5}},"20":{"start":{"line":55,"column":14},"end":{"line":55,"column":36}},"21":{"start":{"line":56,"column":6},"end":{"line":56,"column":44}},"22":{"start":{"line":57,"column":6},"end":{"line":63,"column":7}},"23":{"start":{"line":58,"column":21},"end":{"line":61,"column":9}},"24":{"start":{"line":62,"column":8},"end":{"line":62,"column":28}},"25":{"start":{"line":65,"column":4},"end":{"line":71,"column":5}},"26":{"start":{"line":66,"column":19},"end":{"line":69,"column":7}},"27":{"start":{"line":70,"column":6},"end":{"line":70,"column":26}},"28":{"start":{"line":72,"column":4},"end":{"line":72,"column":18}}},"fnMap":{"0":{"name":"(anonymous_0)","decl":{"start":{"line":24,"column":17},"end":{"line":24,"column":18}},"loc":{"start":{"line":24,"column":29},"end":{"line":74,"column":1}},"line":24},"1":{"name":"(anonymous_1)","decl":{"start":{"line":28,"column":32},"end":{"line":28,"column":33}},"loc":{"start":{"line":28,"column":37},"end":{"line":34,"column":3}},"line":28},"2":{"name":"(anonymous_2)","decl":{"start":{"line":35,"column":32},"end":{"line":35,"column":33}},"loc":{"start":{"line":35,"column":37},"end":{"line":35,"column":41}},"line":35},"3":{"name":"(anonymous_3)","decl":{"start":{"line":38,"column":24},"end":{"line":38,"column":25}},"loc":{"start":{"line":38,"column":37},"end":{"line":43,"column":3}},"line":38},"4":{"name":"(anonymous_4)","decl":{"start":{"line":39,"column":32},"end":{"line":39,"column":33}},"loc":{"start":{"line":39,"column":37},"end":{"line":39,"column":45}},"line":39},"5":{"name":"(anonymous_5)","decl":{"start":{"line":47,"column":19},"end":{"line":47,"column":20}},"loc":{"start":{"line":47,"column":26},"end":{"line":47,"column":77}},"line":47},"6":{"name":"(anonymous_6)","decl":{"start":{"line":47,"column":42},"end":{"line":47,"column":43}},"loc":{"start":{"line":47,"column":48},"end":{"line":47,"column":76}},"line":47},"7":{"name":"(anonymous_7)","decl":{"start":{"line":50,"column":9},"end":{"line":50,"column":10}},"loc":{"start":{"line":50,"column":18},"end":{"line":73,"column":3}},"line":50}},"branchMap":{"0":{"loc":{"start":{"line":29,"column":4},"end":{"line":33,"column":5}},"type":"if","locations":[{"start":{"line":29,"column":4},"end":{"line":33,"column":5}},{"start":{"line":29,"column":4},"end":{"line":33,"column":5}}],"line":29},"1":{"loc":{"start":{"line":57,"column":6},"end":{"line":63,"column":7}},"type":"if","locations":[{"start":{"line":57,"column":6},"end":{"line":63,"column":7}},{"start":{"line":57,"column":6},"end":{"line":63,"column":7}}],"line":57},"2":{"loc":{"start":{"line":57,"column":10},"end":{"line":57,"column":44}},"type":"binary-expr","locations":[{"start":{"line":57,"column":11},"end":{"line":57,"column":23}},{"start":{"line":57,"column":29},"end":{"line":57,"column":43}}],"line":57},"3":{"loc":{"start":{"line":65,"column":4},"end":{"line":71,"column":5}},"type":"if","locations":[{"start":{"line":65,"column":4},"end":{"line":71,"column":5}},{"start":{"line":65,"column":4},"end":{"line":71,"column":5}}],"line":65}},"s":{"0":1,"1":2,"2":10,"3":9,"4":1,"5":1,"6":6,"7":1,"8":1,"9":6,"10":1,"11":1,"12":1,"13":1,"14":47,"15":119,"16":1,"17":6,"18":6,"19":6,"20":47,"21":47,"22":47,"23":27,"24":27,"25":6,"26":1,"27":1,"28":6},"f":{"0":2,"1":10,"2":6,"3":1,"4":6,"5":47,"6":119,"7":6},"b":{"0":[9,1],"1":[27,20],"2":[47,27],"3":[1,5]},"_coverageSchema":"1a1c01bbd47fc00a2c39e90264f33305004495a9","hash":"72a1cbfecc0020fa5705b670373a90b1844b9be6"}
}
