TN:
SF:index.js
FN:24,(anonymous_0)
FN:28,(anonymous_1)
FN:35,(anonymous_2)
FN:38,(anonymous_3)
FN:39,(anonymous_4)
FN:47,(anonymous_5)
FN:47,(anonymous_6)
FN:50,(anonymous_7)
FNF:8
FNH:8
FNDA:2,(anonymous_0)
FNDA:10,(anonymous_1)
FNDA:6,(anonymous_2)
FNDA:1,(anonymous_3)
FNDA:6,(anonymous_4)
FNDA:47,(anonymous_5)
FNDA:119,(anonymous_6)
FNDA:6,(anonymous_7)
DA:24,1
DA:28,2
DA:29,10
DA:30,9
DA:32,1
DA:35,6
DA:38,1
DA:39,6
DA:40,1
DA:42,1
DA:46,1
DA:47,119
DA:50,1
DA:52,6
DA:53,6
DA:54,6
DA:55,47
DA:56,47
DA:57,47
DA:58,27
DA:62,27
DA:65,6
DA:66,1
DA:70,1
DA:72,6
LF:25
LH:25
BRDA:29,0,0,9
BRDA:29,0,1,1
BRDA:57,1,0,27
BRDA:57,1,1,20
BRDA:57,2,0,47
BRDA:57,2,1,27
BRDA:65,3,0,1
BRDA:65,3,1,5
BRF:8
BRH:8
end_of_record
